android/app/build/intermediates/manifest_merge_blame_file/debug/manifest-merger-blame-debug-report.txt
1<?xml version="1.0" encoding="utf-8"?>
2<manifest xmlns:android="http://schemas.android.com/apk/res/android"
3    package="com.newsapp"
4    android:versionCode="1"
5    android:versionName="1.0" >
6
7    <uses-sdk
8        android:minSdkVersion="21"
9        android:targetSdkVersion="31" />
10
11    <uses-permission android:name="android.permission.SYSTEM_ALERT_WINDOW" />
11-->src/debug/AndroidManifest.xml:5:5-77
11-->src/debug/AndroidManifest.xml:5:22-75
12    <uses-permission android:name="android.permission.INTERNET" />
12-->src/main/AndroidManifest.xml:4:5-67
12-->src/main/AndroidManifest.xml:4:22-64
13    <uses-permission android:name="android.permission.SCHEDULE_EXACT_ALARM" />
13-->src/main/AndroidManifest.xml:5:5-78
13-->src/main/AndroidManifest.xml:5:22-76
14    <uses-permission android:name="android.permission.VIBRATE" />
14-->src/main/AndroidManifest.xml:6:5-66
14-->src/main/AndroidManifest.xml:6:22-63
15    <uses-permission android:name="android.permission.RECEIVE_BOOT_COMPLETED" />
15-->src/main/AndroidManifest.xml:7:5-80
15-->src/main/AndroidManifest.xml:7:22-78
16    <uses-permission android:name="android.permission.ACCESS_WIFI_STATE" />
16-->[com.facebook.flipper:flipper:0.125.0] AndroidManifest.xml:16:5-76
16-->[com.facebook.flipper:flipper:0.125.0] AndroidManifest.xml:16:22-73
17    <uses-permission android:name="android.permission.ACCESS_NETWORK_STATE" />
17-->[:react-native-community_netinfo] AndroidManifest.xml:9:5-79
17-->[:react-native-community_netinfo] AndroidManifest.xml:9:22-76
18    <uses-permission android:name="android.permission.WRITE_EXTERNAL_STORAGE" /> <!-- for android -->
18-->[:react-native-fs] AndroidManifest.xml:9:5-81
18-->[:react-native-fs] AndroidManifest.xml:9:22-78
19    <!-- <uses-permission android:name="com.android.launcher.permission.READ_SETTINGS"/> -->
20    <!-- <uses-permission android:name="com.android.launcher.permission.WRITE_SETTINGS"/> -->
21    <!-- <uses-permission android:name="com.android.launcher.permission.INSTALL_SHORTCUT" /> -->
22    <!-- <uses-permission android:name="com.android.launcher.permission.UNINSTALL_SHORTCUT" /> -->
23    <!-- for Samsung -->
24    <uses-permission android:name="com.sec.android.provider.badge.permission.READ" />
24-->[me.leolin:ShortcutBadger:1.1.22] AndroidManifest.xml:19:5-86
24-->[me.leolin:ShortcutBadger:1.1.22] AndroidManifest.xml:19:22-83
25    <uses-permission android:name="com.sec.android.provider.badge.permission.WRITE" /> <!-- for htc -->
25-->[me.leolin:ShortcutBadger:1.1.22] AndroidManifest.xml:20:5-87
25-->[me.leolin:ShortcutBadger:1.1.22] AndroidManifest.xml:20:22-84
26    <uses-permission android:name="com.htc.launcher.permission.READ_SETTINGS" />
26-->[me.leolin:ShortcutBadger:1.1.22] AndroidManifest.xml:23:5-81
26-->[me.leolin:ShortcutBadger:1.1.22] AndroidManifest.xml:23:22-78
27    <uses-permission android:name="com.htc.launcher.permission.UPDATE_SHORTCUT" /> <!-- for sony -->
27-->[me.leolin:ShortcutBadger:1.1.22] AndroidManifest.xml:24:5-83
27-->[me.leolin:ShortcutBadger:1.1.22] AndroidManifest.xml:24:22-80
28    <uses-permission android:name="com.sonyericsson.home.permission.BROADCAST_BADGE" />
28-->[me.leolin:ShortcutBadger:1.1.22] AndroidManifest.xml:27:5-88
28-->[me.leolin:ShortcutBadger:1.1.22] AndroidManifest.xml:27:22-85
29    <uses-permission android:name="com.sonymobile.home.permission.PROVIDER_INSERT_BADGE" /> <!-- for apex -->
29-->[me.leolin:ShortcutBadger:1.1.22] AndroidManifest.xml:28:5-92
29-->[me.leolin:ShortcutBadger:1.1.22] AndroidManifest.xml:28:22-89
30    <uses-permission android:name="com.anddoes.launcher.permission.UPDATE_COUNT" /> <!-- for solid -->
30-->[me.leolin:ShortcutBadger:1.1.22] AndroidManifest.xml:31:5-84
30-->[me.leolin:ShortcutBadger:1.1.22] AndroidManifest.xml:31:22-81
31    <uses-permission android:name="com.majeur.launcher.permission.UPDATE_BADGE" /> <!-- for huawei -->
31-->[me.leolin:ShortcutBadger:1.1.22] AndroidManifest.xml:34:5-83
31-->[me.leolin:ShortcutBadger:1.1.22] AndroidManifest.xml:34:22-80
32    <uses-permission android:name="com.huawei.android.launcher.permission.CHANGE_BADGE" />
32-->[me.leolin:ShortcutBadger:1.1.22] AndroidManifest.xml:37:5-91
32-->[me.leolin:ShortcutBadger:1.1.22] AndroidManifest.xml:37:22-88
33    <uses-permission android:name="com.huawei.android.launcher.permission.READ_SETTINGS" />
33-->[me.leolin:ShortcutBadger:1.1.22] AndroidManifest.xml:38:5-92
33-->[me.leolin:ShortcutBadger:1.1.22] AndroidManifest.xml:38:22-89
34    <uses-permission android:name="com.huawei.android.launcher.permission.WRITE_SETTINGS" /> <!-- for ZUK -->
34-->[me.leolin:ShortcutBadger:1.1.22] AndroidManifest.xml:39:5-93
34-->[me.leolin:ShortcutBadger:1.1.22] AndroidManifest.xml:39:22-90
35    <uses-permission android:name="android.permission.READ_APP_BADGE" /> <!-- for OPPO -->
35-->[me.leolin:ShortcutBadger:1.1.22] AndroidManifest.xml:42:5-73
35-->[me.leolin:ShortcutBadger:1.1.22] AndroidManifest.xml:42:22-70
36    <uses-permission android:name="com.oppo.launcher.permission.READ_SETTINGS" />
36-->[me.leolin:ShortcutBadger:1.1.22] AndroidManifest.xml:45:5-82
36-->[me.leolin:ShortcutBadger:1.1.22] AndroidManifest.xml:45:22-79
37    <uses-permission android:name="com.oppo.launcher.permission.WRITE_SETTINGS" /> <!-- for EvMe -->
37-->[me.leolin:ShortcutBadger:1.1.22] AndroidManifest.xml:46:5-83
37-->[me.leolin:ShortcutBadger:1.1.22] AndroidManifest.xml:46:22-80
38    <uses-permission android:name="me.everything.badger.permission.BADGE_COUNT_READ" />
38-->[me.leolin:ShortcutBadger:1.1.22] AndroidManifest.xml:49:5-88
38-->[me.leolin:ShortcutBadger:1.1.22] AndroidManifest.xml:49:22-85
39    <uses-permission android:name="me.everything.badger.permission.BADGE_COUNT_WRITE" />
39-->[me.leolin:ShortcutBadger:1.1.22] AndroidManifest.xml:50:5-89
39-->[me.leolin:ShortcutBadger:1.1.22] AndroidManifest.xml:50:22-86
40    <uses-permission android:name="android.permission.WAKE_LOCK" /> <!-- Required by older versions of Google Play services to create IID tokens -->
40-->[com.google.firebase:firebase-messaging:21.1.0] AndroidManifest.xml:23:5-68
40-->[com.google.firebase:firebase-messaging:21.1.0] AndroidManifest.xml:23:22-65
41    <uses-permission android:name="com.google.android.c2dm.permission.RECEIVE" />
41-->[com.google.firebase:firebase-messaging:21.1.0] AndroidManifest.xml:25:5-82
41-->[com.google.firebase:firebase-messaging:21.1.0] AndroidManifest.xml:25:22-79
42    <uses-permission android:name="com.google.android.finsky.permission.BIND_GET_INSTALL_REFERRER_SERVICE" />
42-->[com.google.android.gms:play-services-measurement:17.3.0] AndroidManifest.xml:26:5-110
42-->[com.google.android.gms:play-services-measurement:17.3.0] AndroidManifest.xml:26:22-107
43
44    <application
44-->src/main/AndroidManifest.xml:8:5-47:19
45        android:name="com.newsapp.MainApplication"
45-->src/main/AndroidManifest.xml:9:7-38
46        android:allowBackup="false"
46-->src/main/AndroidManifest.xml:13:7-34
47        android:appComponentFactory="androidx.core.app.CoreComponentFactory"
47-->[androidx.core:core:1.7.0] AndroidManifest.xml:24:18-86
48        android:debuggable="true"
49        android:icon="@mipmap/ic_launcher"
49-->src/main/AndroidManifest.xml:11:7-41
50        android:label="@string/app_name"
50-->src/main/AndroidManifest.xml:10:7-39
51        android:roundIcon="@mipmap/ic_launcher_round"
51-->src/main/AndroidManifest.xml:12:7-52
52        android:theme="@style/AppTheme"
52-->src/main/AndroidManifest.xml:14:7-38
53        android:usesCleartextTraffic="true" >
53-->src/debug/AndroidManifest.xml:8:9-44
54        <activity
54-->src/debug/AndroidManifest.xml:11:9-111
55            android:name="com.facebook.react.devsupport.DevSettingsActivity"
55-->src/debug/AndroidManifest.xml:11:19-83
56            android:exported="false" />
56-->src/debug/AndroidManifest.xml:11:84-108
57
58        <meta-data
58-->src/main/AndroidManifest.xml:15:7-16:43
59            android:name="com.dieam.reactnativepushnotification.notification_foreground"
59-->src/main/AndroidManifest.xml:15:19-95
60            android:value="true" />
60-->src/main/AndroidManifest.xml:16:21-41
61        <meta-data
61-->src/main/AndroidManifest.xml:17:7-18:62
62            android:name="com.dieam.reactnativepushnotification.notification_color"
62-->src/main/AndroidManifest.xml:17:19-90
63            android:resource="@android:color/white" />
63-->src/main/AndroidManifest.xml:18:21-60
64
65        <receiver
65-->src/main/AndroidManifest.xml:19:7-130
66            android:name="com.dieam.reactnativepushnotification.modules.RNPushNotificationActions"
66-->src/main/AndroidManifest.xml:19:17-103
67            android:exported="false" />
67-->src/main/AndroidManifest.xml:19:104-128
68        <receiver
68-->src/main/AndroidManifest.xml:20:9-134
69            android:name="com.dieam.reactnativepushnotification.modules.RNPushNotificationPublisher"
69-->src/main/AndroidManifest.xml:20:19-107
70            android:exported="false" />
70-->src/main/AndroidManifest.xml:20:108-132
71        <receiver
71-->src/main/AndroidManifest.xml:21:9-27:18
72            android:name="com.dieam.reactnativepushnotification.modules.RNPushNotificationBootEventReceiver"
72-->src/main/AndroidManifest.xml:21:19-115
73            android:exported="false" >
73-->src/main/AndroidManifest.xml:21:116-140
74            <intent-filter>
74-->src/main/AndroidManifest.xml:22:13-26:29
75                <action android:name="android.intent.action.BOOT_COMPLETED" />
75-->src/main/AndroidManifest.xml:23:17-79
75-->src/main/AndroidManifest.xml:23:25-76
76                <action android:name="android.intent.action.QUICKBOOT_POWERON" />
76-->src/main/AndroidManifest.xml:24:17-82
76-->src/main/AndroidManifest.xml:24:25-79
77                <action android:name="com.htc.intent.action.QUICKBOOT_POWERON" />
77-->src/main/AndroidManifest.xml:25:17-81
77-->src/main/AndroidManifest.xml:25:25-79
78            </intent-filter>
79        </receiver>
80
81        <service
81-->src/main/AndroidManifest.xml:28:7-34:17
82            android:name="com.dieam.reactnativepushnotification.modules.RNPushNotificationListenerService"
82-->src/main/AndroidManifest.xml:29:13-107
83            android:exported="false" >
83-->src/main/AndroidManifest.xml:30:13-37
84            <intent-filter>
84-->src/main/AndroidManifest.xml:31:13-33:29
85                <action android:name="com.google.firebase.MESSAGING_EVENT" />
85-->src/main/AndroidManifest.xml:32:17-78
85-->src/main/AndroidManifest.xml:32:25-75
86            </intent-filter>
87        </service>
88
89        <activity
89-->src/main/AndroidManifest.xml:35:7-46:18
90            android:name="com.newsapp.MainActivity"
90-->src/main/AndroidManifest.xml:36:9-37
91            android:configChanges="keyboard|keyboardHidden|orientation|screenLayout|screenSize|smallestScreenSize|uiMode"
91-->src/main/AndroidManifest.xml:38:9-118
92            android:exported="true"
92-->src/main/AndroidManifest.xml:41:9-32
93            android:label="@string/app_name"
93-->src/main/AndroidManifest.xml:37:9-41
94            android:launchMode="singleTask"
94-->src/main/AndroidManifest.xml:39:9-40
95            android:windowSoftInputMode="adjustResize" >
95-->src/main/AndroidManifest.xml:40:9-51
96            <intent-filter>
96-->src/main/AndroidManifest.xml:42:9-45:25
97                <action android:name="android.intent.action.MAIN" />
97-->src/main/AndroidManifest.xml:43:13-65
97-->src/main/AndroidManifest.xml:43:21-62
98
99                <category android:name="android.intent.category.LAUNCHER" />
99-->src/main/AndroidManifest.xml:44:13-73
99-->src/main/AndroidManifest.xml:44:23-70
100            </intent-filter>
101        </activity>
102
103        <receiver
103-->[com.google.firebase:firebase-messaging:21.1.0] AndroidManifest.xml:28:9-35:20
104            android:name="com.google.firebase.iid.FirebaseInstanceIdReceiver"
104-->[com.google.firebase:firebase-messaging:21.1.0] AndroidManifest.xml:29:13-78
105            android:exported="true"
105-->[com.google.firebase:firebase-messaging:21.1.0] AndroidManifest.xml:30:13-36
106            android:permission="com.google.android.c2dm.permission.SEND" >
106-->[com.google.firebase:firebase-messaging:21.1.0] AndroidManifest.xml:31:13-73
107            <intent-filter>
107-->[com.google.firebase:firebase-messaging:21.1.0] AndroidManifest.xml:32:13-34:29
108                <action android:name="com.google.android.c2dm.intent.RECEIVE" />
108-->[com.google.firebase:firebase-messaging:21.1.0] AndroidManifest.xml:33:17-81
108-->[com.google.firebase:firebase-messaging:21.1.0] AndroidManifest.xml:33:25-78
109            </intent-filter>
110        </receiver>
111        <!--
112             FirebaseMessagingService performs security checks at runtime,
113             but set to not exported to explicitly avoid allowing another app to call it.
114        -->
115        <service
115-->[com.google.firebase:firebase-messaging:21.1.0] AndroidManifest.xml:41:9-48:19
116            android:name="com.google.firebase.messaging.FirebaseMessagingService"
116-->[com.google.firebase:firebase-messaging:21.1.0] AndroidManifest.xml:42:13-82
117            android:directBootAware="true"
117-->[com.google.firebase:firebase-messaging:21.1.0] AndroidManifest.xml:43:13-43
118            android:exported="false" >
118-->[com.google.firebase:firebase-messaging:21.1.0] AndroidManifest.xml:44:13-37
119            <intent-filter android:priority="-500" >
119-->src/main/AndroidManifest.xml:31:13-33:29
120                <action android:name="com.google.firebase.MESSAGING_EVENT" />
120-->src/main/AndroidManifest.xml:32:17-78
120-->src/main/AndroidManifest.xml:32:25-75
121            </intent-filter>
122        </service>
123        <service
123-->[com.google.firebase:firebase-messaging:21.1.0] AndroidManifest.xml:49:9-55:19
124            android:name="com.google.firebase.components.ComponentDiscoveryService"
124-->[com.google.firebase:firebase-messaging:21.1.0] AndroidManifest.xml:50:13-84
125            android:directBootAware="true"
125-->[com.google.firebase:firebase-common:19.5.0] AndroidManifest.xml:35:13-43
126            android:exported="false" >
126-->[com.google.firebase:firebase-messaging:21.1.0] AndroidManifest.xml:51:13-37
127            <meta-data
127-->[com.google.firebase:firebase-messaging:21.1.0] AndroidManifest.xml:52:13-54:85
128                android:name="com.google.firebase.components:com.google.firebase.messaging.FirebaseMessagingRegistrar"
128-->[com.google.firebase:firebase-messaging:21.1.0] AndroidManifest.xml:53:17-119
129                android:value="com.google.firebase.components.ComponentRegistrar" />
129-->[com.google.firebase:firebase-messaging:21.1.0] AndroidManifest.xml:54:17-82
130            <meta-data
130-->[com.google.firebase:firebase-datatransport:17.0.10] AndroidManifest.xml:28:13-30:85
131                android:name="com.google.firebase.components:com.google.firebase.datatransport.TransportRegistrar"
131-->[com.google.firebase:firebase-datatransport:17.0.10] AndroidManifest.xml:29:17-115
132                android:value="com.google.firebase.components.ComponentRegistrar" />
132-->[com.google.firebase:firebase-datatransport:17.0.10] AndroidManifest.xml:30:17-82
133            <meta-data
133-->[com.google.android.gms:play-services-measurement-api:17.3.0] AndroidManifest.xml:30:13-32:85
134                android:name="com.google.firebase.components:com.google.firebase.analytics.connector.internal.AnalyticsConnectorRegistrar"
134-->[com.google.android.gms:play-services-measurement-api:17.3.0] AndroidManifest.xml:31:17-139
135                android:value="com.google.firebase.components.ComponentRegistrar" />
135-->[com.google.android.gms:play-services-measurement-api:17.3.0] AndroidManifest.xml:32:17-82
136            <meta-data
136-->[com.google.firebase:firebase-iid:21.1.0] AndroidManifest.xml:32:13-34:85
137                android:name="com.google.firebase.components:com.google.firebase.iid.Registrar"
137-->[com.google.firebase:firebase-iid:21.1.0] AndroidManifest.xml:33:17-96
138                android:value="com.google.firebase.components.ComponentRegistrar" />
138-->[com.google.firebase:firebase-iid:21.1.0] AndroidManifest.xml:34:17-82
139            <meta-data
139-->[com.google.firebase:firebase-installations:16.3.5] AndroidManifest.xml:18:13-20:85
140                android:name="com.google.firebase.components:com.google.firebase.installations.FirebaseInstallationsRegistrar"
140-->[com.google.firebase:firebase-installations:16.3.5] AndroidManifest.xml:19:17-127
141                android:value="com.google.firebase.components.ComponentRegistrar" />
141-->[com.google.firebase:firebase-installations:16.3.5] AndroidManifest.xml:20:17-82
142            <!--
143                This registrar is not defined in the dynamic-module-support sdk itself to allow non-firebase
144                clients to use it as well, by defining this registrar in their own core/common library.
145            -->
146            <meta-data
146-->[com.google.firebase:firebase-common:19.5.0] AndroidManifest.xml:43:13-45:85
147                android:name="com.google.firebase.components:com.google.firebase.dynamicloading.DynamicLoadingRegistrar"
147-->[com.google.firebase:firebase-common:19.5.0] AndroidManifest.xml:44:17-121
148                android:value="com.google.firebase.components.ComponentRegistrar" />
148-->[com.google.firebase:firebase-common:19.5.0] AndroidManifest.xml:45:17-82
149        </service>
150        <service
150-->[com.google.android.datatransport:transport-backend-cct:2.3.3] AndroidManifest.xml:29:9-35:19
151            android:name="com.google.android.datatransport.runtime.backends.TransportBackendDiscovery"
151-->[com.google.android.datatransport:transport-backend-cct:2.3.3] AndroidManifest.xml:30:13-103
152            android:exported="false" >
152-->[com.google.android.datatransport:transport-backend-cct:2.3.3] AndroidManifest.xml:31:13-37
153            <meta-data
153-->[com.google.android.datatransport:transport-backend-cct:2.3.3] AndroidManifest.xml:32:13-34:39
154                android:name="backend:com.google.android.datatransport.cct.CctBackendFactory"
154-->[com.google.android.datatransport:transport-backend-cct:2.3.3] AndroidManifest.xml:33:17-94
155                android:value="cct" />
155-->[com.google.android.datatransport:transport-backend-cct:2.3.3] AndroidManifest.xml:34:17-36
156        </service>
157        <service
157-->[com.google.android.datatransport:transport-runtime:2.2.5] AndroidManifest.xml:26:9-30:19
158            android:name="com.google.android.datatransport.runtime.scheduling.jobscheduling.JobInfoSchedulerService"
158-->[com.google.android.datatransport:transport-runtime:2.2.5] AndroidManifest.xml:27:13-117
159            android:exported="false"
159-->[com.google.android.datatransport:transport-runtime:2.2.5] AndroidManifest.xml:28:13-37
160            android:permission="android.permission.BIND_JOB_SERVICE" >
160-->[com.google.android.datatransport:transport-runtime:2.2.5] AndroidManifest.xml:29:13-69
161        </service>
162
163        <receiver
163-->[com.google.android.datatransport:transport-runtime:2.2.5] AndroidManifest.xml:32:9-34:40
164            android:name="com.google.android.datatransport.runtime.scheduling.jobscheduling.AlarmManagerSchedulerBroadcastReceiver"
164-->[com.google.android.datatransport:transport-runtime:2.2.5] AndroidManifest.xml:33:13-132
165            android:exported="false" />
165-->[com.google.android.datatransport:transport-runtime:2.2.5] AndroidManifest.xml:34:13-37
166
167        <provider
167-->[com.google.firebase:firebase-common:19.5.0] AndroidManifest.xml:26:9-31:39
168            android:name="com.google.firebase.provider.FirebaseInitProvider"
168-->[com.google.firebase:firebase-common:19.5.0] AndroidManifest.xml:27:13-77
169            android:authorities="com.newsapp.firebaseinitprovider"
169-->[com.google.firebase:firebase-common:19.5.0] AndroidManifest.xml:28:13-72
170            android:directBootAware="true"
170-->[com.google.firebase:firebase-common:19.5.0] AndroidManifest.xml:29:13-43
171            android:exported="false"
171-->[com.google.firebase:firebase-common:19.5.0] AndroidManifest.xml:30:13-37
172            android:initOrder="100" />
172-->[com.google.firebase:firebase-common:19.5.0] AndroidManifest.xml:31:13-36
173
174        <receiver
174-->[com.google.android.gms:play-services-measurement:17.3.0] AndroidManifest.xml:29:9-33:20
175            android:name="com.google.android.gms.measurement.AppMeasurementReceiver"
175-->[com.google.android.gms:play-services-measurement:17.3.0] AndroidManifest.xml:30:13-85
176            android:enabled="true"
176-->[com.google.android.gms:play-services-measurement:17.3.0] AndroidManifest.xml:31:13-35
177            android:exported="false" >
177-->[com.google.android.gms:play-services-measurement:17.3.0] AndroidManifest.xml:32:13-37
178        </receiver>
179        <receiver
179-->[com.google.android.gms:play-services-measurement:17.3.0] AndroidManifest.xml:34:9-42:20
180            android:name="com.google.android.gms.measurement.AppMeasurementInstallReferrerReceiver"
180-->[com.google.android.gms:play-services-measurement:17.3.0] AndroidManifest.xml:35:13-100
181            android:enabled="true"
181-->[com.google.android.gms:play-services-measurement:17.3.0] AndroidManifest.xml:36:13-35
182            android:exported="true"
182-->[com.google.android.gms:play-services-measurement:17.3.0] AndroidManifest.xml:37:13-36
183            android:permission="android.permission.INSTALL_PACKAGES" >
183-->[com.google.android.gms:play-services-measurement:17.3.0] AndroidManifest.xml:38:13-69
184            <intent-filter>
184-->[com.google.android.gms:play-services-measurement:17.3.0] AndroidManifest.xml:39:13-41:29
185                <action android:name="com.android.vending.INSTALL_REFERRER" />
185-->[com.google.android.gms:play-services-measurement:17.3.0] AndroidManifest.xml:40:17-79
185-->[com.google.android.gms:play-services-measurement:17.3.0] AndroidManifest.xml:40:25-76
186            </intent-filter>
187        </receiver>
188
189        <service
189-->[com.google.android.gms:play-services-measurement:17.3.0] AndroidManifest.xml:44:9-47:40
190            android:name="com.google.android.gms.measurement.AppMeasurementService"
190-->[com.google.android.gms:play-services-measurement:17.3.0] AndroidManifest.xml:45:13-84
191            android:enabled="true"
191-->[com.google.android.gms:play-services-measurement:17.3.0] AndroidManifest.xml:46:13-35
192            android:exported="false" />
192-->[com.google.android.gms:play-services-measurement:17.3.0] AndroidManifest.xml:47:13-37
193        <service
193-->[com.google.android.gms:play-services-measurement:17.3.0] AndroidManifest.xml:48:9-52:72
194            android:name="com.google.android.gms.measurement.AppMeasurementJobService"
194-->[com.google.android.gms:play-services-measurement:17.3.0] AndroidManifest.xml:49:13-87
195            android:enabled="true"
195-->[com.google.android.gms:play-services-measurement:17.3.0] AndroidManifest.xml:50:13-35
196            android:exported="false"
196-->[com.google.android.gms:play-services-measurement:17.3.0] AndroidManifest.xml:51:13-37
197            android:permission="android.permission.BIND_JOB_SERVICE" />
197-->[com.google.android.gms:play-services-measurement:17.3.0] AndroidManifest.xml:52:13-69
198
199        <meta-data
199-->[com.google.android.gms:play-services-basement:17.0.0] AndroidManifest.xml:23:9-25:69
200            android:name="com.google.android.gms.version"
200-->[com.google.android.gms:play-services-basement:17.0.0] AndroidManifest.xml:24:13-58
201            android:value="@integer/google_play_services_version" />
201-->[com.google.android.gms:play-services-basement:17.0.0] AndroidManifest.xml:25:13-66
202
203        <provider
203-->[androidx.emoji2:emoji2:1.0.0] AndroidManifest.xml:26:9-34:20
204            android:name="androidx.startup.InitializationProvider"
204-->[androidx.emoji2:emoji2:1.0.0] AndroidManifest.xml:27:13-67
205            android:authorities="com.newsapp.androidx-startup"
205-->[androidx.emoji2:emoji2:1.0.0] AndroidManifest.xml:28:13-68
206            android:exported="false" >
206-->[androidx.emoji2:emoji2:1.0.0] AndroidManifest.xml:29:13-37
207            <meta-data
207-->[androidx.emoji2:emoji2:1.0.0] AndroidManifest.xml:31:13-33:52
208                android:name="androidx.emoji2.text.EmojiCompatInitializer"
208-->[androidx.emoji2:emoji2:1.0.0] AndroidManifest.xml:32:17-75
209                android:value="androidx.startup" />
209-->[androidx.emoji2:emoji2:1.0.0] AndroidManifest.xml:33:17-49
210            <meta-data
210-->[androidx.lifecycle:lifecycle-process:2.4.0] AndroidManifest.xml:31:13-33:52
211                android:name="androidx.lifecycle.ProcessLifecycleInitializer"
211-->[androidx.lifecycle:lifecycle-process:2.4.0] AndroidManifest.xml:32:17-78
212                android:value="androidx.startup" />
212-->[androidx.lifecycle:lifecycle-process:2.4.0] AndroidManifest.xml:33:17-49
213        </provider>
214    </application>
215
216</manifest>